1648018904837|1|statement|connection 0|url jdbc:p6spy:sqlite:/Users/fengjinzhen/codes/android/MiscOfAndroid/server/misc/src/main/resources/data/misc_android.db|INSERT INTO configurations  ( id, key, value )  VALUES  ( ?, ?, ? )|INSERT INTO configurations  ( id, key, value )  VALUES  ( 1, 'common_config', 'common_value' )
1648018956136|1|statement|connection 0|url jdbc:p6spy:sqlite:/Users/fengjinzhen/codes/android/MiscOfAndroid/server/misc/src/main/resources/data/misc_android.db|INSERT INTO configurations  ( id, key, value )  VALUES  ( ?, ?, ? )|INSERT INTO configurations  ( id, key, value )  VALUES  ( 0, 'common_config', 'common_value' )
1648018958809|2|statement|connection 0|url jdbc:p6spy:sqlite:/Users/fengjinzhen/codes/android/MiscOfAndroid/server/misc/src/main/resources/data/misc_android.db|INSERT INTO configurations  ( id, key, value )  VALUES  ( ?, ?, ? )|INSERT INTO configurations  ( id, key, value )  VALUES  ( 0, 'common_config', 'common_value' )
1648019007159|2|statement|connection 0|url jdbc:p6spy:sqlite:/Users/fengjinzhen/codes/android/MiscOfAndroid/server/misc/src/main/resources/data/misc_android.db|INSERT INTO configurations  ( id, key, value )  VALUES  ( ?, ?, ? )|INSERT INTO configurations  ( id, key, value )  VALUES  ( 1769996289, 'common_config', 'common_value' )
1648019009563|2|statement|connection 0|url jdbc:p6spy:sqlite:/Users/fengjinzhen/codes/android/MiscOfAndroid/server/misc/src/main/resources/data/misc_android.db|INSERT INTO configurations  ( id, key, value )  VALUES  ( ?, ?, ? )|INSERT INTO configurations  ( id, key, value )  VALUES  ( 364904450, 'common_config', 'common_value' )
1648019138591|0|statement|connection 0|url jdbc:p6spy:sqlite:/Users/fengjinzhen/codes/android/MiscOfAndroid/server/misc/src/main/resources/data/misc_android.db|SELECT  id,key,value  FROM configurations|SELECT  id,key,value  FROM configurations
1648019139878|0|statement|connection 0|url jdbc:p6spy:sqlite:/Users/fengjinzhen/codes/android/MiscOfAndroid/server/misc/src/main/resources/data/misc_android.db|SELECT  id,key,value  FROM configurations|SELECT  id,key,value  FROM configurations
1648019140596|0|statement|connection 0|url jdbc:p6spy:sqlite:/Users/fengjinzhen/codes/android/MiscOfAndroid/server/misc/src/main/resources/data/misc_android.db|SELECT  id,key,value  FROM configurations|SELECT  id,key,value  FROM configurations
1648019141461|0|statement|connection 0|url jdbc:p6spy:sqlite:/Users/fengjinzhen/codes/android/MiscOfAndroid/server/misc/src/main/resources/data/misc_android.db|SELECT  id,key,value  FROM configurations|SELECT  id,key,value  FROM configurations
1648019142048|0|statement|connection 0|url jdbc:p6spy:sqlite:/Users/fengjinzhen/codes/android/MiscOfAndroid/server/misc/src/main/resources/data/misc_android.db|SELECT  id,key,value  FROM configurations|SELECT  id,key,value  FROM configurations
1648019398681|1|statement|connection 0|url jdbc:p6spy:sqlite:/Users/fengjinzhen/codes/android/MiscOfAndroid/server/misc/src/main/resources/data/misc_android.db|INSERT INTO configurations  ( id, key, value )  VALUES  ( ?, ?, ? )|INSERT INTO configurations  ( id, key, value )  VALUES  ( -956248062, 'common_config', 'common_value' )
1648019398702|0|statement|connection 0|url jdbc:p6spy:sqlite:/Users/fengjinzhen/codes/android/MiscOfAndroid/server/misc/src/main/resources/data/misc_android.db|SELECT  id,key,value  FROM configurations|SELECT  id,key,value  FROM configurations
1648019400204|2|statement|connection 0|url jdbc:p6spy:sqlite:/Users/fengjinzhen/codes/android/MiscOfAndroid/server/misc/src/main/resources/data/misc_android.db|INSERT INTO configurations  ( id, key, value )  VALUES  ( ?, ?, ? )|INSERT INTO configurations  ( id, key, value )  VALUES  ( -1845440510, 'common_config', 'common_value' )
1648019400205|0|statement|connection 0|url jdbc:p6spy:sqlite:/Users/fengjinzhen/codes/android/MiscOfAndroid/server/misc/src/main/resources/data/misc_android.db|SELECT  id,key,value  FROM configurations|SELECT  id,key,value  FROM configurations
1648019402572|1|statement|connection 0|url jdbc:p6spy:sqlite:/Users/fengjinzhen/codes/android/MiscOfAndroid/server/misc/src/main/resources/data/misc_android.db|INSERT INTO configurations  ( id, key, value )  VALUES  ( ?, ?, ? )|INSERT INTO configurations  ( id, key, value )  VALUES  ( -499068926, 'common_config', 'common_value' )
1648019402573|0|statement|connection 0|url jdbc:p6spy:sqlite:/Users/fengjinzhen/codes/android/MiscOfAndroid/server/misc/src/main/resources/data/misc_android.db|SELECT  id,key,value  FROM configurations|SELECT  id,key,value  FROM configurations
1648019404340|2|statement|connection 0|url jdbc:p6spy:sqlite:/Users/fengjinzhen/codes/android/MiscOfAndroid/server/misc/src/main/resources/data/misc_android.db|INSERT INTO configurations  ( id, key, value )  VALUES  ( ?, ?, ? )|INSERT INTO configurations  ( id, key, value )  VALUES  ( -1681862654, 'common_config', 'common_value' )
1648019404341|0|statement|connection 0|url jdbc:p6spy:sqlite:/Users/fengjinzhen/codes/android/MiscOfAndroid/server/misc/src/main/resources/data/misc_android.db|SELECT  id,key,value  FROM configurations|SELECT  id,key,value  FROM configurations
1648019489004|3|statement|connection 0|url jdbc:p6spy:sqlite:/Users/fengjinzhen/codes/android/MiscOfAndroid/server/misc/src/main/resources/data/misc_android.db|INSERT INTO configurations  ( key, value )  VALUES  ( ?, ? )|INSERT INTO configurations  ( key, value )  VALUES  ( 'common_config', 'common_value' )
1648019489034|0|statement|connection 0|url jdbc:p6spy:sqlite:/Users/fengjinzhen/codes/android/MiscOfAndroid/server/misc/src/main/resources/data/misc_android.db|SELECT  id,key,value  FROM configurations|SELECT  id,key,value  FROM configurations
1648019491874|2|statement|connection 0|url jdbc:p6spy:sqlite:/Users/fengjinzhen/codes/android/MiscOfAndroid/server/misc/src/main/resources/data/misc_android.db|INSERT INTO configurations  ( key, value )  VALUES  ( ?, ? )|INSERT INTO configurations  ( key, value )  VALUES  ( 'common_config', 'common_value' )
1648019491875|0|statement|connection 0|url jdbc:p6spy:sqlite:/Users/fengjinzhen/codes/android/MiscOfAndroid/server/misc/src/main/resources/data/misc_android.db|SELECT  id,key,value  FROM configurations|SELECT  id,key,value  FROM configurations
1648019493656|1|statement|connection 0|url jdbc:p6spy:sqlite:/Users/fengjinzhen/codes/android/MiscOfAndroid/server/misc/src/main/resources/data/misc_android.db|INSERT INTO configurations  ( key, value )  VALUES  ( ?, ? )|INSERT INTO configurations  ( key, value )  VALUES  ( 'common_config', 'common_value' )
1648019493657|0|statement|connection 0|url jdbc:p6spy:sqlite:/Users/fengjinzhen/codes/android/MiscOfAndroid/server/misc/src/main/resources/data/misc_android.db|SELECT  id,key,value  FROM configurations|SELECT  id,key,value  FROM configurations
1648019496574|2|statement|connection 0|url jdbc:p6spy:sqlite:/Users/fengjinzhen/codes/android/MiscOfAndroid/server/misc/src/main/resources/data/misc_android.db|INSERT INTO configurations  ( key, value )  VALUES  ( ?, ? )|INSERT INTO configurations  ( key, value )  VALUES  ( 'common_config', 'common_value' )
1648019496575|0|statement|connection 0|url jdbc:p6spy:sqlite:/Users/fengjinzhen/codes/android/MiscOfAndroid/server/misc/src/main/resources/data/misc_android.db|SELECT  id,key,value  FROM configurations|SELECT  id,key,value  FROM configurations
1648019507661|2|statement|connection 0|url jdbc:p6spy:sqlite:/Users/fengjinzhen/codes/android/MiscOfAndroid/server/misc/src/main/resources/data/misc_android.db|INSERT INTO configurations  ( key, value )  VALUES  ( ?, ? )|INSERT INTO configurations  ( key, value )  VALUES  ( 'common_config', 'common_value' )
1648019507661|0|statement|connection 0|url jdbc:p6spy:sqlite:/Users/fengjinzhen/codes/android/MiscOfAndroid/server/misc/src/main/resources/data/misc_android.db|SELECT  id,key,value  FROM configurations|SELECT  id,key,value  FROM configurations
1648019510830|1|statement|connection 0|url jdbc:p6spy:sqlite:/Users/fengjinzhen/codes/android/MiscOfAndroid/server/misc/src/main/resources/data/misc_android.db|INSERT INTO configurations  ( key, value )  VALUES  ( ?, ? )|INSERT INTO configurations  ( key, value )  VALUES  ( 'common_config', 'common_value' )
1648019510831|0|statement|connection 0|url jdbc:p6spy:sqlite:/Users/fengjinzhen/codes/android/MiscOfAndroid/server/misc/src/main/resources/data/misc_android.db|SELECT  id,key,value  FROM configurations|SELECT  id,key,value  FROM configurations
1648019597342|2|statement|connection 0|url jdbc:p6spy:sqlite:/Users/fengjinzhen/codes/android/MiscOfAndroid/server/misc/src/main/resources/data/misc_android.db|INSERT INTO configurations  ( key, value )  VALUES  ( ?, ? )|INSERT INTO configurations  ( key, value )  VALUES  ( 'common_config', 'common_value' )
1648019597344|0|statement|connection 0|url jdbc:p6spy:sqlite:/Users/fengjinzhen/codes/android/MiscOfAndroid/server/misc/src/main/resources/data/misc_android.db|SELECT  id,key,value  FROM configurations|SELECT  id,key,value  FROM configurations
1648019598295|2|statement|connection 0|url jdbc:p6spy:sqlite:/Users/fengjinzhen/codes/android/MiscOfAndroid/server/misc/src/main/resources/data/misc_android.db|INSERT INTO configurations  ( key, value )  VALUES  ( ?, ? )|INSERT INTO configurations  ( key, value )  VALUES  ( 'common_config', 'common_value' )
1648019598296|0|statement|connection 0|url jdbc:p6spy:sqlite:/Users/fengjinzhen/codes/android/MiscOfAndroid/server/misc/src/main/resources/data/misc_android.db|SELECT  id,key,value  FROM configurations|SELECT  id,key,value  FROM configurations
1648019598926|2|statement|connection 0|url jdbc:p6spy:sqlite:/Users/fengjinzhen/codes/android/MiscOfAndroid/server/misc/src/main/resources/data/misc_android.db|INSERT INTO configurations  ( key, value )  VALUES  ( ?, ? )|INSERT INTO configurations  ( key, value )  VALUES  ( 'common_config', 'common_value' )
1648019598927|0|statement|connection 0|url jdbc:p6spy:sqlite:/Users/fengjinzhen/codes/android/MiscOfAndroid/server/misc/src/main/resources/data/misc_android.db|SELECT  id,key,value  FROM configurations|SELECT  id,key,value  FROM configurations
1648019599393|2|statement|connection 0|url jdbc:p6spy:sqlite:/Users/fengjinzhen/codes/android/MiscOfAndroid/server/misc/src/main/resources/data/misc_android.db|INSERT INTO configurations  ( key, value )  VALUES  ( ?, ? )|INSERT INTO configurations  ( key, value )  VALUES  ( 'common_config', 'common_value' )
1648019599394|0|statement|connection 0|url jdbc:p6spy:sqlite:/Users/fengjinzhen/codes/android/MiscOfAndroid/server/misc/src/main/resources/data/misc_android.db|SELECT  id,key,value  FROM configurations|SELECT  id,key,value  FROM configurations
1648019599793|2|statement|connection 0|url jdbc:p6spy:sqlite:/Users/fengjinzhen/codes/android/MiscOfAndroid/server/misc/src/main/resources/data/misc_android.db|INSERT INTO configurations  ( key, value )  VALUES  ( ?, ? )|INSERT INTO configurations  ( key, value )  VALUES  ( 'common_config', 'common_value' )
1648019599794|0|statement|connection 0|url jdbc:p6spy:sqlite:/Users/fengjinzhen/codes/android/MiscOfAndroid/server/misc/src/main/resources/data/misc_android.db|SELECT  id,key,value  FROM configurations|SELECT  id,key,value  FROM configurations
1648019600293|2|statement|connection 0|url jdbc:p6spy:sqlite:/Users/fengjinzhen/codes/android/MiscOfAndroid/server/misc/src/main/resources/data/misc_android.db|INSERT INTO configurations  ( key, value )  VALUES  ( ?, ? )|INSERT INTO configurations  ( key, value )  VALUES  ( 'common_config', 'common_value' )
1648019600294|0|statement|connection 0|url jdbc:p6spy:sqlite:/Users/fengjinzhen/codes/android/MiscOfAndroid/server/misc/src/main/resources/data/misc_android.db|SELECT  id,key,value  FROM configurations|SELECT  id,key,value  FROM configurations
1648019600710|2|statement|connection 0|url jdbc:p6spy:sqlite:/Users/fengjinzhen/codes/android/MiscOfAndroid/server/misc/src/main/resources/data/misc_android.db|INSERT INTO configurations  ( key, value )  VALUES  ( ?, ? )|INSERT INTO configurations  ( key, value )  VALUES  ( 'common_config', 'common_value' )
1648019600711|0|statement|connection 0|url jdbc:p6spy:sqlite:/Users/fengjinzhen/codes/android/MiscOfAndroid/server/misc/src/main/resources/data/misc_android.db|SELECT  id,key,value  FROM configurations|SELECT  id,key,value  FROM configurations
1648131644902|0|statement|connection 0|url jdbc:p6spy:sqlite:/Users/fengjinzhen/codes/android/MiscOfAndroid/server/misc/src/main/resources/data/misc_android.db|SELECT  id,key,value  FROM configurations     WHERE (key = ?)|SELECT  id,key,value  FROM configurations     WHERE (key = 'http_url')
1648131682846|0|statement|connection 0|url jdbc:p6spy:sqlite:/Users/fengjinzhen/codes/android/MiscOfAndroid/server/misc/src/main/resources/data/misc_android.db|SELECT   key,value   FROM configurations     WHERE (key = ?)|SELECT   key,value   FROM configurations     WHERE (key = 'http_url')
1648132338550|1|statement|connection 0|url jdbc:p6spy:sqlite:/Users/fengjinzhen/codes/android/MiscOfAndroid/server/misc/src/main/resources/data/misc_android.db|INSERT INTO configurations  ( key, value )  VALUES  ( ?, ? )|INSERT INTO configurations  ( key, value )  VALUES  ( 'podbean', 'podbean.com' )
1648134957952|0|statement|connection 0|url jdbc:p6spy:sqlite:/Users/fengjinzhen/codes/android/MiscOfAndroid/server/misc/src/main/resources/data/misc_android.db|SELECT  id,key,value  FROM configurations|SELECT  id,key,value  FROM configurations
